<?xml version="1.0" encoding="UTF-8"?>
<!-- Generated by org.testng.reporters.JUnitXMLReporter -->
<testsuite hostname="H1DRNV2" ignored="0" name="Default test" tests="3" failures="0" timestamp="11 Feb 2020 02:53:33 GMT" time="35.36" errors="0">
  <testcase name="auppliersurlTest" time="0.03" classname="com.Apptest.SuppliersTest"/>
  <testcase name="suppliersTest" time="5.002" classname="com.Apptest.SuppliersTest"/>
  <testcase name="suppliersUrlTittle" time="0.056" classname="com.Apptest.SuppliersTest"/>
</testsuite> <!-- Default test -->
