<?xml version="1.0" encoding="UTF-8"?>
<!-- Generated by org.testng.reporters.JUnitXMLReporter -->
<testsuite hostname="1SYPSQ2" ignored="2" name="Storelink(failed)" tests="1" failures="0" timestamp="13 Feb 2020 03:00:57 GMT" time="22.503" errors="0">
  <testcase name="storelinktest2" time="8.531" classname="com.Apptest.StoreLinkTest"/>
  <testcase name="storelinktest1" time="0.0" classname="com.Apptest.StoreLinkTest">
    <ignored/>
  </testcase> <!-- storelinktest1 -->
  <testcase name="storelinktest3" time="0.0" classname="com.Apptest.StoreLinkTest">
    <ignored/>
  </testcase> <!-- storelinktest3 -->
</testsuite> <!-- Storelink(failed) -->
