<?xml version="1.0" encoding="UTF-8"?>
<!-- Generated by org.testng.reporters.JUnitXMLReporter -->
<testsuite hostname="1SYPSQ2" ignored="3" tests="0" failures="0" timestamp="14 Feb 2020 01:27:12 GMT" time="0.006" errors="0">
  <testcase name="storelinktest1" time="0.0" classname="com.Apptest.StoreLinkTest">
    <ignored/>
  </testcase> <!-- storelinktest1 -->
  <testcase name="storelinktest2" time="0.0" classname="com.Apptest.StoreLinkTest">
    <ignored/>
  </testcase> <!-- storelinktest2 -->
  <testcase name="storelinktest3" time="0.0" classname="com.Apptest.StoreLinkTest">
    <ignored/>
  </testcase> <!-- storelinktest3 -->
</testsuite>
