<?xml version="1.0" encoding="UTF-8"?>
<testng-results skipped="0" failed="0" ignored="0" total="1" passed="1">
  <reporter-output>
  </reporter-output>
  <suite name="Suite" duration-ms="57320" started-at="2020-02-18T02:57:09Z" finished-at="2020-02-18T02:58:06Z">
    <groups>
    </groups>
    <test name="Test" duration-ms="57320" started-at="2020-02-18T02:57:09Z" finished-at="2020-02-18T02:58:06Z">
      <class name="com.Apptest.ColorHeaderTest">
        <test-method status="PASS" signature="Browsersetup()[pri:0, instance:com.Apptest.ColorHeaderTest@26be92ad]" name="Browsersetup" is-config="true" duration-ms="10739" started-at="2020-02-17T21:57:09Z" finished-at="2020-02-17T21:57:20Z">
          <reporter-output>
          </reporter-output>
        </test-method> <!-- Browsersetup -->
        <test-method status="PASS" signature="Colorheader(java.lang.String)[pri:0, instance:com.Apptest.ColorHeaderTest@26be92ad]" name="Colorheader" duration-ms="45746" started-at="2020-02-17T21:57:20Z" finished-at="2020-02-17T21:58:05Z">
          <params>
            <param index="0">
              <value>
                <![CDATA[blue]]>
              </value>
            </param>
          </params>
          <reporter-output>
          </reporter-output>
        </test-method> <!-- Colorheader -->
        <test-method status="PASS" signature="close()[pri:0, instance:com.Apptest.ColorHeaderTest@26be92ad]" name="close" is-config="true" duration-ms="812" started-at="2020-02-17T21:58:05Z" finished-at="2020-02-17T21:58:06Z">
          <reporter-output>
          </reporter-output>
        </test-method> <!-- close -->
      </class> <!-- com.Apptest.ColorHeaderTest -->
    </test> <!-- Test -->
  </suite> <!-- Suite -->
</testng-results>
