<?xml version="1.0" encoding="UTF-8"?>
<testng-results skipped="0" failed="0" ignored="0" total="1" passed="1">
  <reporter-output>
  </reporter-output>
  <suite name="Default suite" duration-ms="118921" started-at="2020-02-19T02:55:32Z" finished-at="2020-02-19T02:57:31Z">
    <groups>
    </groups>
    <test name="Default test" duration-ms="118921" started-at="2020-02-19T02:55:32Z" finished-at="2020-02-19T02:57:31Z">
      <class name="com.Apptest.ColorHeaderTest">
        <test-method status="PASS" signature="Browsersetup()[pri:0, instance:com.Apptest.ColorHeaderTest@6069db50]" name="Browsersetup" is-config="true" duration-ms="115242" started-at="2020-02-19T08:25:32Z" finished-at="2020-02-19T08:27:27Z">
          <reporter-output>
          </reporter-output>
        </test-method> <!-- Browsersetup -->
        <test-method status="PASS" signature="Colorheader(java.lang.String)[pri:0, instance:com.Apptest.ColorHeaderTest@6069db50]" name="Colorheader" duration-ms="1041" started-at="2020-02-19T08:27:27Z" finished-at="2020-02-19T08:27:28Z">
          <params>
            <param index="0">
              <value>
                <![CDATA[param-val-not-found]]>
              </value>
            </param>
          </params>
          <reporter-output>
          </reporter-output>
        </test-method> <!-- Colorheader -->
        <test-method status="PASS" signature="close()[pri:0, instance:com.Apptest.ColorHeaderTest@6069db50]" name="close" is-config="true" duration-ms="2477" started-at="2020-02-19T08:27:28Z" finished-at="2020-02-19T08:27:31Z">
          <reporter-output>
          </reporter-output>
        </test-method> <!-- close -->
      </class> <!-- com.Apptest.ColorHeaderTest -->
    </test> <!-- Default test -->
  </suite> <!-- Default suite -->
</testng-results>
